<?xml version="1.0" encoding="UTF-8"?>
<testsuite xmlns:xsi="http://www.w3.org/2001/XMLSchema-instance" xsi:noNamespaceSchemaLocation="https://maven.apache.org/surefire/maven-surefire-plugin/xsd/surefire-test-report.xsd" name="com.example.AppTest" time="0.445" tests="1" errors="0" skipped="0" failures="0">
  <properties>
    <property name="java.specification.version" value="17"/>
    <property name="sun.cpu.isalist" value="amd64"/>
    <property name="sun.jnu.encoding" value="Cp1252"/>
    <property name="java.class.path" value="D:\calculator\target\test-classes;D:\calculator\target\classes;C:\Users\nuhai\.m2\repository\org\openjfx\javafx-controls\20\javafx-controls-20.jar;C:\Users\nuhai\.m2\repository\org\openjfx\javafx-controls\20\javafx-controls-20-win.jar;C:\Users\nuhai\.m2\repository\org\openjfx\javafx-graphics\20\javafx-graphics-20.jar;C:\Users\nuhai\.m2\repository\org\openjfx\javafx-graphics\20\javafx-graphics-20-win.jar;C:\Users\nuhai\.m2\repository\org\openjfx\javafx-base\20\javafx-base-20.jar;C:\Users\nuhai\.m2\repository\org\openjfx\javafx-base\20\javafx-base-20-win.jar;C:\Users\nuhai\.m2\repository\org\openjfx\javafx-fxml\20\javafx-fxml-20.jar;C:\Users\nuhai\.m2\repository\org\openjfx\javafx-fxml\20\javafx-fxml-20-win.jar;C:\Users\nuhai\.m2\repository\net\objecthunter\exp4j\0.4.8\exp4j-0.4.8.jar;C:\Users\nuhai\.m2\repository\junit\junit\4.11\junit-4.11.jar;C:\Users\nuhai\.m2\repository\org\hamcrest\hamcrest-core\1.3\hamcrest-core-1.3.jar;C:\Users\nuhai\.m2\repository\org\apache\commons\commons-math3\3.6.1\commons-math3-3.6.1.jar;"/>
    <property name="java.vm.vendor" value="Eclipse Adoptium"/>
    <property name="sun.arch.data.model" value="64"/>
    <property name="user.variant" value=""/>
    <property name="java.vendor.url" value="https://adoptium.net/"/>
    <property name="user.timezone" value="Asia/Karachi"/>
    <property name="user.country.format" value="PK"/>
    <property name="os.name" value="Windows 10"/>
    <property name="java.vm.specification.version" value="17"/>
    <property name="sun.java.launcher" value="SUN_STANDARD"/>
    <property name="user.country" value="US"/>
    <property name="sun.boot.library.path" value="C:\Program Files\Eclipse Adoptium\jdk-17.0.13.11-hotspot\bin"/>
    <property name="sun.java.command" value="C:\Users\nuhai\AppData\Local\Temp\surefire14394079523210769406\surefirebooter17106163420147211843.jar C:\Users\nuhai\AppData\Local\Temp\surefire14394079523210769406 2024-12-19T11-11-41_321-jvmRun1 surefire1989753238526810110tmp surefire_016727598792309062746tmp"/>
    <property name="jdk.debug" value="release"/>
    <property name="surefire.test.class.path" value="D:\calculator\target\test-classes;D:\calculator\target\classes;C:\Users\nuhai\.m2\repository\org\openjfx\javafx-controls\20\javafx-controls-20.jar;C:\Users\nuhai\.m2\repository\org\openjfx\javafx-controls\20\javafx-controls-20-win.jar;C:\Users\nuhai\.m2\repository\org\openjfx\javafx-graphics\20\javafx-graphics-20.jar;C:\Users\nuhai\.m2\repository\org\openjfx\javafx-graphics\20\javafx-graphics-20-win.jar;C:\Users\nuhai\.m2\repository\org\openjfx\javafx-base\20\javafx-base-20.jar;C:\Users\nuhai\.m2\repository\org\openjfx\javafx-base\20\javafx-base-20-win.jar;C:\Users\nuhai\.m2\repository\org\openjfx\javafx-fxml\20\javafx-fxml-20.jar;C:\Users\nuhai\.m2\repository\org\openjfx\javafx-fxml\20\javafx-fxml-20-win.jar;C:\Users\nuhai\.m2\repository\net\objecthunter\exp4j\0.4.8\exp4j-0.4.8.jar;C:\Users\nuhai\.m2\repository\junit\junit\4.11\junit-4.11.jar;C:\Users\nuhai\.m2\repository\org\hamcrest\hamcrest-core\1.3\hamcrest-core-1.3.jar;C:\Users\nuhai\.m2\repository\org\apache\commons\commons-math3\3.6.1\commons-math3-3.6.1.jar;"/>
    <property name="sun.cpu.endian" value="little"/>
    <property name="user.home" value="C:\Users\nuhai"/>
    <property name="user.language" value="en"/>
    <property name="java.specification.vendor" value="Oracle Corporation"/>
    <property name="java.version.date" value="2024-10-15"/>
    <property name="java.home" value="C:\Program Files\Eclipse Adoptium\jdk-17.0.13.11-hotspot"/>
    <property name="file.separator" value="\"/>
    <property name="basedir" value="D:\calculator"/>
    <property name="java.vm.compressedOopsMode" value="Zero based"/>
    <property name="line.separator" value="&#10;"/>
    <property name="java.vm.specification.vendor" value="Oracle Corporation"/>
    <property name="java.specification.name" value="Java Platform API Specification"/>
    <property name="surefire.real.class.path" value="C:\Users\nuhai\AppData\Local\Temp\surefire14394079523210769406\surefirebooter17106163420147211843.jar"/>
    <property name="user.script" value=""/>
    <property name="sun.management.compiler" value="HotSpot 64-Bit Tiered Compilers"/>
    <property name="java.runtime.version" value="17.0.13+11"/>
    <property name="user.name" value="nuhai"/>
    <property name="path.separator" value=";"/>
    <property name="os.version" value="10.0"/>
    <property name="java.runtime.name" value="OpenJDK Runtime Environment"/>
    <property name="file.encoding" value="Cp1252"/>
    <property name="java.vm.name" value="OpenJDK 64-Bit Server VM"/>
    <property name="java.vendor.version" value="Temurin-17.0.13+11"/>
    <property name="localRepository" value="C:\Users\nuhai\.m2\repository"/>
    <property name="java.vendor.url.bug" value="https://github.com/adoptium/adoptium-support/issues"/>
    <property name="java.io.tmpdir" value="C:\Users\nuhai\AppData\Local\Temp\"/>
    <property name="java.version" value="17.0.13"/>
    <property name="user.dir" value="D:\calculator"/>
    <property name="os.arch" value="amd64"/>
    <property name="java.vm.specification.name" value="Java Virtual Machine Specification"/>
    <property name="sun.os.patch.level" value=""/>
    <property name="native.encoding" value="Cp1252"/>
    <property name="java.library.path" value="C:\Program Files\Eclipse Adoptium\jdk-17.0.13.11-hotspot\bin;C:\Windows\Sun\Java\bin;C:\Windows\system32;C:\Windows;C:\Program Files\apache-maven-3.9.9;C:\Users\nuhai\AppData\Local\Programs\Python\Python313\;C:\Users\nuhai\.pyenv\pyenv-win\bin;C:\Users\nuhai\.pyenv\pyenv-win\shims;C:\Users\nuhai\AppData\Local\Programs\Python\Python313\Scripts\;C:\Users\nuhai\AppData\Local\Programs\Python\Python313\;C:\Users\nuhai\AppData\Local\Programs\Python\Launcher\;C:\Users\nuhai\AppData\Local\Microsoft\WindowsApps;C:\Users\nuhai\AppData\Local\Programs\Microsoft VS Code\bin;C:\Windows\System32;C:\Program Files\Eclipse Adoptium\jdk-17.0.13.11-hotspot\bin;C:\Program Files\apache-maven-3.9.9\bin;;."/>
    <property name="java.vm.info" value="mixed mode, sharing"/>
    <property name="java.vendor" value="Eclipse Adoptium"/>
    <property name="java.vm.version" value="17.0.13+11"/>
    <property name="java.specification.maintenance.version" value="1"/>
    <property name="sun.io.unicode.encoding" value="UnicodeLittle"/>
    <property name="java.class.version" value="61.0"/>
  </properties>
  <testcase name="shouldAnswerWithTrue" classname="com.example.AppTest" time="0.016"/>
</testsuite>